# JRE version: Java(TM) SE Runtime Environment (21.0+35) (build 21+35-LTS-2513)
# Java VM: Java HotSpot(TM) 64-Bit Server VM (21+35-LTS-2513, mixed mode, sharing, tiered, compressed oops, compressed class ptrs, g1 gc, windows-amd64)
GC Precious Log:
 CardTable entry size: 512
 Card Set container configuration: InlinePtr #cards 4 size 8 Array Of Cards #cards 16 size 48 Howl #buckets 8 coarsen threshold 3686 Howl Bitmap #cards 512 size 80 coarsen threshold 460 Card regions per heap region 1 cards per card region 4096
 CPUs: 4 total, 4 available
 Memory: 16267M
 Large Page Support: Disabled
 NUMA Support: Disabled
 Compressed Oops: Enabled (Zero based)
 Heap Region Size: 2M
 Heap Min Capacity: 8M
 Heap Initial Capacity: 256M
 Heap Max Capacity: 4068M
 Pre-touch: Disabled
 Parallel Workers: 4
 Concurrent Workers: 1
 Concurrent Refinement Workers: 4
 Periodic GC: Disabled
Heap:
 garbage-first heap   total 110592K, used 58245K [0x0000000701c00000, 0x0000000800000000)
  region size 2048K, 11 young (22528K), 4 survivors (8192K)
 Metaspace       used 74915K, committed 75648K, reserved 1179648K
  class space    used 9689K, committed 10048K, reserved 1048576K
GC Heap History (20 events):
Event: 4.142 GC heap before
{Heap before GC invocations=7 (full 0):
 garbage-first heap   total 75776K, used 34762K [0x0000000701c00000, 0x0000000800000000)
  region size 2048K, 8 young (16384K), 3 survivors (6144K)
 Metaspace       used 35442K, committed 35968K, reserved 1114112K
  class space    used 4344K, committed 4544K, reserved 1048576K
}
Event: 4.149 GC heap after
{Heap after GC invocations=8 (full 0):
 garbage-first heap   total 75776K, used 27260K [0x0000000701c00000, 0x0000000800000000)
  region size 2048K, 1 young (2048K), 1 survivors (2048K)
 Metaspace       used 35442K, committed 35968K, reserved 1114112K
  class space    used 4344K, committed 4544K, reserved 1048576K
}
Event: 5.049 GC heap before
{Heap before GC invocations=9 (full 0):
 garbage-first heap   total 75776K, used 60028K [0x0000000701c00000, 0x0000000800000000)
  region size 2048K, 18 young (36864K), 1 survivors (2048K)
 Metaspace       used 45400K, committed 45952K, reserved 1114112K
  class space    used 5757K, committed 6016K, reserved 1048576K
}
Event: 5.054 GC heap after
{Heap after GC invocations=10 (full 0):
 garbage-first heap   total 75776K, used 29458K [0x0000000701c00000, 0x0000000800000000)
  region size 2048K, 2 young (4096K), 2 survivors (4096K)
 Metaspace       used 45400K, committed 45952K, reserved 1114112K
  class space    used 5757K, committed 6016K, reserved 1048576K
}
Event: 5.799 GC heap before
{Heap before GC invocations=10 (full 0):
 garbage-first heap   total 75776K, used 62226K [0x0000000701c00000, 0x0000000800000000)
  region size 2048K, 18 young (36864K), 2 survivors (4096K)
 Metaspace       used 48955K, committed 49472K, reserved 1114112K
  class space    used 6182K, committed 6400K, reserved 1048576K
}
Event: 5.813 GC heap after
{Heap after GC invocations=11 (full 0):
 garbage-first heap   total 75776K, used 34206K [0x0000000701c00000, 0x0000000800000000)
  region size 2048K, 3 young (6144K), 3 survivors (6144K)
 Metaspace       used 48955K, committed 49472K, reserved 1114112K
  class space    used 6182K, committed 6400K, reserved 1048576K
}
Event: 6.306 GC heap before
{Heap before GC invocations=11 (full 0):
 garbage-first heap   total 75776K, used 62878K [0x0000000701c00000, 0x0000000800000000)
  region size 2048K, 17 young (34816K), 3 survivors (6144K)
 Metaspace       used 54771K, committed 55296K, reserved 1114112K
  class space    used 7125K, committed 7360K, reserved 1048576K
}
Event: 6.318 GC heap after
{Heap after GC invocations=12 (full 0):
 garbage-first heap   total 92160K, used 36082K [0x0000000701c00000, 0x0000000800000000)
  region size 2048K, 1 young (2048K), 1 survivors (2048K)
 Metaspace       used 54771K, committed 55296K, reserved 1114112K
  class space    used 7125K, committed 7360K, reserved 1048576K
}
Event: 6.541 GC heap before
{Heap before GC invocations=12 (full 0):
 garbage-first heap   total 92160K, used 79090K [0x0000000701c00000, 0x0000000800000000)
  region size 2048K, 22 young (45056K), 1 survivors (2048K)
 Metaspace       used 55354K, committed 55872K, reserved 1114112K
  class space    used 7164K, committed 7424K, reserved 1048576K
}
Event: 6.544 GC heap after
{Heap after GC invocations=13 (full 0):
 garbage-first heap   total 92160K, used 36046K [0x0000000701c00000, 0x0000000800000000)
  region size 2048K, 1 young (2048K), 1 survivors (2048K)
 Metaspace       used 55354K, committed 55872K, reserved 1114112K
  class space    used 7164K, committed 7424K, reserved 1048576K
}
Event: 6.707 GC heap before
{Heap before GC invocations=13 (full 0):
 garbage-first heap   total 92160K, used 81102K [0x0000000701c00000, 0x0000000800000000)
  region size 2048K, 23 young (47104K), 1 survivors (2048K)
 Metaspace       used 55729K, committed 56192K, reserved 1114112K
  class space    used 7196K, committed 7424K, reserved 1048576K
}
Event: 6.710 GC heap after
{Heap after GC invocations=14 (full 0):
 garbage-first heap   total 92160K, used 36871K [0x0000000701c00000, 0x0000000800000000)
  region size 2048K, 2 young (4096K), 2 survivors (4096K)
 Metaspace       used 55729K, committed 56192K, reserved 1114112K
  class space    used 7196K, committed 7424K, reserved 1048576K
}
Event: 6.857 GC heap before
{Heap before GC invocations=14 (full 0):
 garbage-first heap   total 92160K, used 79879K [0x0000000701c00000, 0x0000000800000000)
  region size 2048K, 23 young (47104K), 2 survivors (4096K)
 Metaspace       used 56150K, committed 56704K, reserved 1114112K
  class space    used 7227K, committed 7488K, reserved 1048576K
}
Event: 6.862 GC heap after
{Heap after GC invocations=15 (full 0):
 garbage-first heap   total 92160K, used 37514K [0x0000000701c00000, 0x0000000800000000)
  region size 2048K, 2 young (4096K), 2 survivors (4096K)
 Metaspace       used 56150K, committed 56704K, reserved 1114112K
  class space    used 7227K, committed 7488K, reserved 1048576K
}
Event: 7.211 GC heap before
{Heap before GC invocations=15 (full 0):
 garbage-first heap   total 92160K, used 57994K [0x0000000701c00000, 0x0000000800000000)
  region size 2048K, 13 young (26624K), 2 survivors (4096K)
 Metaspace       used 59609K, committed 60096K, reserved 1114112K
  class space    used 7665K, committed 7872K, reserved 1048576K
}
Event: 7.220 GC heap after
{Heap after GC invocations=16 (full 0):
 garbage-first heap   total 110592K, used 40160K [0x0000000701c00000, 0x0000000800000000)
  region size 2048K, 3 young (6144K), 3 survivors (6144K)
 Metaspace       used 59609K, committed 60096K, reserved 1114112K
  class space    used 7665K, committed 7872K, reserved 1048576K
}
Event: 8.083 GC heap before
{Heap before GC invocations=17 (full 0):
 garbage-first heap   total 110592K, used 95456K [0x0000000701c00000, 0x0000000800000000)
  region size 2048K, 30 young (61440K), 3 survivors (6144K)
 Metaspace       used 65535K, committed 66240K, reserved 1114112K
  class space    used 8367K, committed 8704K, reserved 1048576K
}
Event: 8.092 GC heap after
{Heap after GC invocations=18 (full 0):
 garbage-first heap   total 110592K, used 44100K [0x0000000701c00000, 0x0000000800000000)
  region size 2048K, 4 young (8192K), 4 survivors (8192K)
 Metaspace       used 65535K, committed 66240K, reserved 1114112K
  class space    used 8367K, committed 8704K, reserved 1048576K
}
Event: 215.135 GC heap before
{Heap before GC invocations=18 (full 0):
 garbage-first heap   total 110592K, used 91204K [0x0000000701c00000, 0x0000000800000000)
  region size 2048K, 28 young (57344K), 4 survivors (8192K)
 Metaspace       used 74875K, committed 75584K, reserved 1179648K
  class space    used 9680K, committed 9984K, reserved 1048576K
}
Event: 215.148 GC heap after
{Heap after GC invocations=19 (full 0):
 garbage-first heap   total 110592K, used 48005K [0x0000000701c00000, 0x0000000800000000)
  region size 2048K, 4 young (8192K), 4 survivors (8192K)
 Metaspace       used 74875K, committed 75584K, reserved 1179648K
  class space    used 9680K, committed 9984K, reserved 1048576K
}

